
> website@1.0.0 dev
> npm run copy:data && npm run build:wasm && vite


> website@1.0.0 copy:data
> mkdir -p public && cp ../economy_log.json public/ || echo 'No economy log found, skipping copy'


> website@1.0.0 build:wasm
> cd wasm && wasm-pack build --target web --out-dir pkg

[INFO]: 🎯  Checking for the Wasm target...
[INFO]: 🌀  Compiling to Wasm...
warning: irrefutable `if let` pattern
    --> execution/src/lib.rs:1630:20
     |
1630 |                 if let Task::Seed(_) = op {
     |                    ^^^^^^^^^^^^^^^^^^^^^^
     |
     = note: this pattern will always match, so the `if let` is useless
     = help: consider replacing the `if let` with a `let`
     = note: `#[warn(irrefutable_let_patterns)]` on by default

warning: variable does not need to be mutable
   --> execution/src/casino/blackjack.rs:244:13
    |
244 |         let mut hands = vec![HandState {
    |             ----^^^^^
    |             |
    |             help: remove this `mut`
    |
    = note: `#[warn(unused_mut)]` on by default

warning: variant `Seed` is never constructed
   --> execution/src/lib.rs:208:5
    |
207 | enum Task {
    |      ---- variant in this enum
208 |     Seed(Seed),
    |     ^^^^
    |
    = note: `#[warn(dead_code)]` on by default

warning: field `0` is never read
   --> execution/src/lib.rs:212:10
    |
212 |     Seed(bool),
    |     ---- ^^^^
    |     |
    |     field in this variant
    |
help: consider changing the field to be of unit type to suppress this warning while preserving the field numbering, or remove the field
    |
212 -     Seed(bool),
212 +     Seed(()),
    |

warning: method `delete` is never used
   --> execution/src/lib.rs:253:8
    |
227 | impl<'a, S: State> Layer<'a, S> {
    | ------------------------------- method in this implementation
...
253 |     fn delete(&mut self, key: Key) {
    |        ^^^^^^

warning: constant `SCALE` is never used
 --> execution/src/fixed.rs:3:11
  |
3 | pub const SCALE: i32 = 10000;
  |           ^^^^^

warning: constant `HALF_SCALE` is never used
 --> execution/src/fixed.rs:4:11
  |
4 | pub const HALF_SCALE: i64 = SCALE as i64 / 2;
  |           ^^^^^^^^^^

warning: multiple associated items are never used
  --> execution/src/fixed.rs:12:12
   |
10 | impl Decimal {
   | ------------ associated items in this implementation
11 |     /// Create from an integer value
12 |     pub fn from_int(value: i32) -> Self {
   |            ^^^^^^^^
...
17 |     pub fn from_u16(value: u16) -> Self {
   |            ^^^^^^^^
...
22 |     pub fn from_frac(numerator: i32, denominator: i32) -> Self {
   |            ^^^^^^^^^
...
29 |     pub fn to_int_rounded(self) -> i32 {
   |            ^^^^^^^^^^^^^^
...
38 |     pub fn to_u16_rounded(self) -> u16 {
   |            ^^^^^^^^^^^^^^
...
49 |     pub fn div_int(self, other: i32) -> Self {
   |            ^^^^^^^
...
54 |     pub fn mul(self, other: Self) -> Self {
   |            ^^^
...
59 |     pub fn div(self, other: Self) -> Self {
   |            ^^^

warning: `nullspace-execution` (lib) generated 8 warnings (run `cargo fix --lib -p nullspace-execution` to apply 1 suggestion)
    Finished `release` profile [optimized] target(s) in 0.09s
[INFO]: ⬇️  Installing wasm-bindgen...
[INFO]: Optimizing wasm binaries with `wasm-opt`...
[INFO]: Optional fields missing from Cargo.toml: 'description', 'repository'. These are not necessary, but recommended
[INFO]: License key is set in Cargo.toml but no LICENSE file(s) were found; Please add the LICENSE file(s) to your project directory
[INFO]: ✨   Done in 8.11s
[INFO]: 📦   Your wasm pkg is ready to publish at /home/r/Coding/supersociety-battleware/website/wasm/pkg.
1:29:58 PM [vite] (client) Re-optimizing dependencies because lockfile has changed

  VITE v6.3.5  ready in 237 ms

  ➜  Local:   http://localhost:3000/
  ➜  Network: use --host to expose
Browserslist: browsers data (caniuse-lite) is 6 months old. Please run:
  npx update-browserslist-db@latest
  Why you should do it regularly: https://github.com/browserslist/update-db#readme
✓ Copied preview.png to dist
✓ Copied preview.png to dist
